<?xml version="1.0" encoding="UTF-8"?>
<testng-results skipped="0" failed="0" total="1" passed="1">
  <reporter-output>
  </reporter-output>
  <suite name="Default suite" duration-ms="77149" started-at="2019-01-03T15:06:37Z" finished-at="2019-01-03T15:07:54Z">
    <groups>
    </groups>
    <test name="Default test" duration-ms="77149" started-at="2019-01-03T15:06:37Z" finished-at="2019-01-03T15:07:54Z">
      <class name="HeadLessChrome.HeadLessBrowserWithChrome">
        <test-method status="PASS" signature="setup()[pri:0, instance:HeadLessChrome.HeadLessBrowserWithChrome@cc285f4]" name="setup" duration-ms="77074" started-at="2019-01-03T20:36:37Z" finished-at="2019-01-03T20:37:54Z">
          <reporter-output>
          </reporter-output>
        </test-method> <!-- setup -->
      </class> <!-- HeadLessChrome.HeadLessBrowserWithChrome -->
    </test> <!-- Default test -->
  </suite> <!-- Default suite -->
</testng-results>
